<?xml version="1.0" encoding="UTF-8"?>
<testsuite name="cucumber.screenplay.formatter.WhenPerformingActorTasksFromWithinActorTasks" tests="1" skipped="0" failures="0" errors="0" timestamp="2017-05-21T12:51:18" hostname="ampie-dvt-laptop" time="0.038">
  <properties/>
  <testcase name="the nested task and its content should be available under the outer task" classname="cucumber.screenplay.formatter.WhenPerformingActorTasksFromWithinActorTasks" time="0.038"/>
  <system-out><![CDATA[
1 Scenarios (?[32m1 passed?[0m)
1 Steps (?[32m1 passed?[0m)
0m0.000s

[
  {
    "line": 1,
    "elements": [
      {
        "line": 4,
        "name": "Two Tasks Successfull",
        "description": "",
        "id": "basic-screen-flow;two-tasks-successfull",
        "type": "scenario",
        "keyword": "Scenario",
        "steps": [
          {
            "embeddings": [
              {
                "data": "",
                "mime_type": "embedding1"
              }
            ],
            "result": {
              "duration": 1234,
              "status": "passed"
            },
            "children": [
              {
                "embeddings": [
                  {
                    "data": "",
                    "mime_type": "embedding2"
                  }
                ],
                "children": [
                  {
                    "embeddings": [
                      {
                        "data": "",
                        "mime_type": "embedding3"
                      }
                    ],
                    "result": {
                      "duration": 9999,
                      "status": "passed"
                    },
                    "name": "inner task",
                    "match": {
                      "location": " Actor performAs"
                    },
                    "keyword": "Was able to"
                  }
                ],
                "name": "outer task",
                "match": {
                  "location": " Actor performAs"
                },
                "keyword": "Was able to"
              }
            ],
            "line": 5,
            "name": "John Smith performs a nested task from within an outer task",
            "match": {
              "location": "TaskSteps.johnSmithPerformsANestedTaskFromWithinAnOuterTask()"
            },
            "keyword": "When "
          }
        ]
      }
    ],
    "name": "Basic Screen Flow",
    "description": "As a User I would like to flow through the screen so that interesting things can happen",
    "id": "basic-screen-flow",
    "keyword": "Feature",
    "uri": "cucumber/screenplay/OneTaskFromWithinAnotherTask.feature"
  }
]
]]></system-out>
  <system-err><![CDATA[]]></system-err>
</testsuite>
