<?xml version="1.0" encoding="UTF-8"?>
<testsuite name="cucumber.screenplay.formatter.WhenActorTasksAreIgnored" tests="1" skipped="0" failures="0" errors="0" timestamp="2017-05-21T12:51:18" hostname="ampie-dvt-laptop" time="0.045">
  <properties/>
  <testcase name="the ignored task should reflect as skipped, but subsequent tasks should still reflect their correct status" classname="cucumber.screenplay.formatter.WhenActorTasksAreIgnored" time="0.045"/>
  <system-out><![CDATA[
1 Scenarios (?[32m1 passed?[0m)
1 Steps (?[32m1 passed?[0m)
0m0.000s

[
  {
    "line": 1,
    "elements": [
      {
        "line": 4,
        "name": "Flow through the screens",
        "description": "",
        "id": "basic-screen-flow;flow-through-the-screens",
        "type": "scenario",
        "keyword": "Scenario",
        "steps": [
          {
            "result": {
              "duration": 1234,
              "status": "passed"
            },
            "children": [
              {
                "result": {
                  "status": "skipped"
                },
                "name": "open the TODO screen",
                "match": {
                  "location": " Actor performAs"
                },
                "keyword": "Was able to"
              },
              {
                "result": {
                  "duration": 9999,
                  "status": "passed"
                },
                "name": "enter the userName \u0027john@gmail.com\u0027 and password \u0027Password123\u0027",
                "match": {
                  "arguments": [
                    {
                      "val": "john@gmail.com"
                    },
                    {
                      "val": "Password123"
                    }
                  ],
                  "location": "EnterCredentials Actor performAs"
                },
                "keyword": "Was able to"
              }
            ],
            "line": 5,
            "name": "John Smith performs one ignored and one implemented task",
            "match": {
              "location": "TaskSteps.johnSmithPerformsOneIgnoredAndOneImplementedTask()"
            },
            "keyword": "When "
          }
        ]
      }
    ],
    "name": "Basic Screen Flow",
    "description": "As a User I would like to flow through the screen so that interesting things can happen",
    "id": "basic-screen-flow",
    "keyword": "Feature",
    "uri": "cucumber/screenplay/OneTaskIgnoredOneImplemented.feature"
  }
]
]]></system-out>
  <system-err><![CDATA[]]></system-err>
</testsuite>
